<?xml version="1.0" encoding="UTF-8"?>
<!-- Generated by org.testng.reporters.JUnitXMLReporter -->
<testsuite ignored="0" hostname="LAPTOP-A378LQ43" failures="0" tests="3" name="Default test" time="4.978" errors="0" timestamp="2025-07-04T12:56:46 IST">
  <testcase classname="tests.LoginAPITest" name="loginWithValidCredentials" time="3.932"/>
  <testcase classname="tests.LoginAPITest" name="loginWithInvalidCredentials" time="0.488"/>
  <testcase classname="tests.LoginAPITest" name="loginWithMissingPassword" time="0.452"/>
</testsuite> <!-- Default test -->
