<?xml version="1.0" encoding="UTF-8"?>
<!-- Generated by org.testng.reporters.JUnitXMLReporter -->
<testsuite ignored="0" hostname="LAPTOP-A378LQ43" failures="0" tests="3" name="Default test" time="5.074" errors="0" timestamp="2025-07-03T17:24:35 IST">
  <testcase classname="tests.LoginAPITest" name="loginWithValidCredentials" time="2.67"/>
  <testcase classname="tests.LoginAPITest" name="loginWithInvalidCredentials" time="1.181"/>
  <testcase classname="tests.LoginAPITest" name="loginWithMissingPassword" time="1.143"/>
</testsuite> <!-- Default test -->
