<?xml version="1.0" encoding="UTF-8"?>
<testng-results ignored="0" total="2" passed="2" failed="0" skipped="0">
  <reporter-output>
  </reporter-output>
  <suite started-at="2025-07-02T20:17:50 IST" name="APIautomation" finished-at="2025-07-02T20:17:53 IST" duration-ms="2847">
    <groups>
    </groups>
    <test started-at="2025-07-02T20:17:50 IST" name="APIautomationTests" finished-at="2025-07-02T20:17:53 IST" duration-ms="2847">
      <class name="tests.RAapiautomation">
        <test-method signature="testPostApiResponsePositive()[pri:1, instance:tests.RAapiautomation@5e316c74]" started-at="2025-07-02T20:17:50 IST" name="testPostApiResponsePositive" finished-at="2025-07-02T20:17:53 IST" duration-ms="2381" status="PASS">
          <reporter-output>
          </reporter-output>
        </test-method> <!-- testPostApiResponsePositive -->
        <test-method signature="testPostApiResponseNegative()[pri:2, instance:tests.RAapiautomation@5e316c74]" started-at="2025-07-02T20:17:53 IST" name="testPostApiResponseNegative" finished-at="2025-07-02T20:17:53 IST" duration-ms="423" status="PASS">
          <reporter-output>
          </reporter-output>
        </test-method> <!-- testPostApiResponseNegative -->
      </class> <!-- tests.RAapiautomation -->
    </test> <!-- APIautomationTests -->
  </suite> <!-- APIautomation -->
</testng-results>
