<?xml version="1.0" encoding="UTF-8"?>
<testng-results ignored="0" total="3" passed="3" failed="0" skipped="0">
  <reporter-output>
  </reporter-output>
  <suite started-at="2025-07-03T17:24:30 IST" name="Default suite" finished-at="2025-07-03T17:24:35 IST" duration-ms="5074">
    <groups>
    </groups>
    <test started-at="2025-07-03T17:24:30 IST" name="Default test" finished-at="2025-07-03T17:24:35 IST" duration-ms="5074">
      <class name="tests.LoginAPITest">
        <test-method signature="loginWithValidCredentials()[pri:1, instance:tests.LoginAPITest@4de41af9]" started-at="2025-07-03T17:24:30 IST" name="loginWithValidCredentials" finished-at="2025-07-03T17:24:33 IST" duration-ms="2670" status="PASS">
          <reporter-output>
          </reporter-output>
        </test-method> <!-- loginWithValidCredentials -->
        <test-method signature="loginWithInvalidCredentials()[pri:2, instance:tests.LoginAPITest@4de41af9]" started-at="2025-07-03T17:24:33 IST" name="loginWithInvalidCredentials" finished-at="2025-07-03T17:24:34 IST" duration-ms="1181" status="PASS">
          <reporter-output>
          </reporter-output>
        </test-method> <!-- loginWithInvalidCredentials -->
        <test-method signature="loginWithMissingPassword()[pri:3, instance:tests.LoginAPITest@4de41af9]" started-at="2025-07-03T17:24:34 IST" name="loginWithMissingPassword" finished-at="2025-07-03T17:24:35 IST" duration-ms="1143" status="PASS">
          <reporter-output>
          </reporter-output>
        </test-method> <!-- loginWithMissingPassword -->
      </class> <!-- tests.LoginAPITest -->
    </test> <!-- Default test -->
  </suite> <!-- Default suite -->
</testng-results>
